Performing C SOURCE FILE Test CMAKE_HAVE_LIBC_PTHREAD failed with the following output:
Change Dir: /mnt/c/github/computer-programming/bitcoin-mining-simulator/build/CMakeFiles/CMakeTmp

Run Build Command(s):/usr/bin/gmake -f Makefile cmTC_18028/fast && /usr/bin/gmake  -f CMakeFiles/cmTC_18028.dir/build.make CMakeFiles/cmTC_18028.dir/build
gmake[1]: Entering directory '/mnt/c/github/computer-programming/bitcoin-mining-simulator/build/CMakeFiles/CMakeTmp'
Building C object CMakeFiles/cmTC_18028.dir/src.c.o
/home/alex0211/miniforge3/bin/x86_64-conda-linux-gnu-cc -DCMAKE_HAVE_LIBC_PTHREAD  -march=nocona -mtune=haswell -ftree-vectorize -fPIC -fstack-protector-strong -fno-plt -O2 -ffunction-sections -pipe -isystem /home/alex0211/miniforge3/include  -o CMakeFiles/cmTC_18028.dir/src.c.o -c /mnt/c/github/computer-programming/bitcoin-mining-simulator/build/CMakeFiles/CMakeTmp/src.c
Linking C executable cmTC_18028
/usr/bin/cmake -E cmake_link_script CMakeFiles/cmTC_18028.dir/link.txt --verbose=1
/home/alex0211/miniforge3/bin/x86_64-conda-linux-gnu-cc -march=nocona -mtune=haswell -ftree-vectorize -fPIC -fstack-protector-strong -fno-plt -O2 -ffunction-sections -pipe -isystem /home/alex0211/miniforge3/include  -Wl,-O2 -Wl,--sort-common -Wl,--as-needed -Wl,-z,relro -Wl,-z,now -Wl,--disable-new-dtags -Wl,--gc-sections -Wl,--allow-shlib-undefined -Wl,-rpath,/home/alex0211/miniforge3/lib -Wl,-rpath-link,/home/alex0211/miniforge3/lib -L/home/alex0211/miniforge3/lib  CMakeFiles/cmTC_18028.dir/src.c.o -o cmTC_18028 
/home/alex0211/miniforge3/bin/../lib/gcc/x86_64-conda-linux-gnu/10.4.0/../../../../x86_64-conda-linux-gnu/bin/ld: CMakeFiles/cmTC_18028.dir/src.c.o: in function `main':
src.c:(.text.startup.main+0x24): undefined reference to `pthread_create'
/home/alex0211/miniforge3/bin/../lib/gcc/x86_64-conda-linux-gnu/10.4.0/../../../../x86_64-conda-linux-gnu/bin/ld: src.c:(.text.startup.main+0x2e): undefined reference to `pthread_detach'
/home/alex0211/miniforge3/bin/../lib/gcc/x86_64-conda-linux-gnu/10.4.0/../../../../x86_64-conda-linux-gnu/bin/ld: src.c:(.text.startup.main+0x38): undefined reference to `pthread_cancel'
/home/alex0211/miniforge3/bin/../lib/gcc/x86_64-conda-linux-gnu/10.4.0/../../../../x86_64-conda-linux-gnu/bin/ld: src.c:(.text.startup.main+0x44): undefined reference to `pthread_join'
/home/alex0211/miniforge3/bin/../lib/gcc/x86_64-conda-linux-gnu/10.4.0/../../../../x86_64-conda-linux-gnu/bin/ld: src.c:(.text.startup.main+0x50): undefined reference to `pthread_atfork'
collect2: error: ld returned 1 exit status
gmake[1]: *** [CMakeFiles/cmTC_18028.dir/build.make:99: cmTC_18028] Error 1
gmake[1]: Leaving directory '/mnt/c/github/computer-programming/bitcoin-mining-simulator/build/CMakeFiles/CMakeTmp'
gmake: *** [Makefile:127: cmTC_18028/fast] Error 2


Source file was:
#include <pthread.h>

static void* test_func(void* data)
{
  return data;
}

int main(void)
{
  pthread_t thread;
  pthread_create(&thread, NULL, test_func, NULL);
  pthread_detach(thread);
  pthread_cancel(thread);
  pthread_join(thread, NULL);
  pthread_atfork(NULL, NULL, NULL);
  pthread_exit(NULL);

  return 0;
}

Determining if the function pthread_create exists in the pthreads failed with the following output:
Change Dir: /mnt/c/github/computer-programming/bitcoin-mining-simulator/build/CMakeFiles/CMakeTmp

Run Build Command(s):/usr/bin/gmake -f Makefile cmTC_c14fb/fast && /usr/bin/gmake  -f CMakeFiles/cmTC_c14fb.dir/build.make CMakeFiles/cmTC_c14fb.dir/build
gmake[1]: Entering directory '/mnt/c/github/computer-programming/bitcoin-mining-simulator/build/CMakeFiles/CMakeTmp'
Building C object CMakeFiles/cmTC_c14fb.dir/CheckFunctionExists.c.o
/home/alex0211/miniforge3/bin/x86_64-conda-linux-gnu-cc   -march=nocona -mtune=haswell -ftree-vectorize -fPIC -fstack-protector-strong -fno-plt -O2 -ffunction-sections -pipe -isystem /home/alex0211/miniforge3/include -DCHECK_FUNCTION_EXISTS=pthread_create -o CMakeFiles/cmTC_c14fb.dir/CheckFunctionExists.c.o -c /usr/share/cmake-3.22/Modules/CheckFunctionExists.c
Linking C executable cmTC_c14fb
/usr/bin/cmake -E cmake_link_script CMakeFiles/cmTC_c14fb.dir/link.txt --verbose=1
/home/alex0211/miniforge3/bin/x86_64-conda-linux-gnu-cc -march=nocona -mtune=haswell -ftree-vectorize -fPIC -fstack-protector-strong -fno-plt -O2 -ffunction-sections -pipe -isystem /home/alex0211/miniforge3/include -DCHECK_FUNCTION_EXISTS=pthread_create -Wl,-O2 -Wl,--sort-common -Wl,--as-needed -Wl,-z,relro -Wl,-z,now -Wl,--disable-new-dtags -Wl,--gc-sections -Wl,--allow-shlib-undefined -Wl,-rpath,/home/alex0211/miniforge3/lib -Wl,-rpath-link,/home/alex0211/miniforge3/lib -L/home/alex0211/miniforge3/lib  CMakeFiles/cmTC_c14fb.dir/CheckFunctionExists.c.o -o cmTC_c14fb  -lpthreads 
/home/alex0211/miniforge3/bin/../lib/gcc/x86_64-conda-linux-gnu/10.4.0/../../../../x86_64-conda-linux-gnu/bin/ld: cannot find -lpthreads: No such file or directory
collect2: error: ld returned 1 exit status
gmake[1]: *** [CMakeFiles/cmTC_c14fb.dir/build.make:99: cmTC_c14fb] Error 1
gmake[1]: Leaving directory '/mnt/c/github/computer-programming/bitcoin-mining-simulator/build/CMakeFiles/CMakeTmp'
gmake: *** [Makefile:127: cmTC_c14fb/fast] Error 2



